\BOOKMARK [1][-]{section*.1}{\376\377\000H\0000\000\040\000P\000a\000r\000a\000t\000e\000\040\000k\000e\000n\000n\000i\000s}{}% 1
\BOOKMARK [2][-]{section*.2}{\376\377\000G\000o\000n\000i\000o\000m\000e\000t\000r\000i\000s\000c\000h\000e\000\040\000f\000u\000n\000c\000t\000i\000e\000s}{section*.1}% 2
\BOOKMARK [2][-]{section*.3}{\376\377\000E\000x\000p\000o\000n\000e\000n\000t\000i\000\353\000l\000e\000\040\000r\000e\000g\000e\000l\000s}{section*.1}% 3
\BOOKMARK [2][-]{section*.4}{\376\377\000L\000o\000g\000a\000r\000i\000t\000m\000i\000s\000c\000h\000e\000\040\000r\000e\000g\000e\000l\000s}{section*.1}% 4
\BOOKMARK [1][-]{section*.5}{\376\377\000H\0001\000\040\000G\000e\000t\000a\000l\000l\000e\000n\000v\000e\000r\000z\000a\000m\000e\000l\000i\000n\000g}{}% 5
\BOOKMARK [2][-]{section*.6}{\376\377\000C\000o\000m\000p\000l\000e\000x\000e\000\040\000g\000e\000t\000a\000l\000l\000e\000n}{section*.5}% 6
\BOOKMARK [2][-]{section*.7}{\376\377\000P\000o\000o\000l\000c\000o\000\366\000r\000d\000i\000n\000a\000t\000e\000n}{section*.5}% 7
\BOOKMARK [1][-]{section*.8}{\376\377\000H\0002\000\040\000L\000i\000m\000i\000e\000t\000e\000n}{}% 8
\BOOKMARK [2][-]{section*.9}{\376\377\000C\000y\000c\000l\000o\000m\000e\000t\000r\000i\000s\000c\000h\000e\000\040\000f\000u\000n\000c\000t\000i\000e\000s}{section*.8}% 9
\BOOKMARK [2][-]{section*.10}{\376\377\000E\000x\000p\000o\000n\000e\000n\000t\000i\000\353\000l\000e\000\040\000f\000u\000n\000c\000t\000i\000e\000s}{section*.8}% 10
\BOOKMARK [2][-]{section*.11}{\376\377\000B\000i\000j\000z\000o\000n\000d\000e\000r\000e\000\040\000g\000o\000n\000i\000o\000m\000e\000t\000r\000i\000s\000c\000h\000e\000\040\000l\000i\000m\000i\000e\000t\000e\000n}{section*.8}% 11
\BOOKMARK [1][-]{section*.12}{\376\377\000H\0003\000\040\000A\000f\000g\000e\000l\000e\000i\000d\000e\000n}{}% 12
\BOOKMARK [2][-]{section*.13}{\376\377\000B\000a\000s\000i\000c\000s}{section*.12}% 13
\BOOKMARK [2][-]{section*.14}{\376\377\000G\000o\000n\000i\000o\000m\000e\000t\000r\000i\000s\000c\000h\000e\000\040\000f\000u\000n\000c\000t\000i\000e\000s}{section*.12}% 14
\BOOKMARK [2][-]{section*.15}{\376\377\000C\000y\000c\000l\000o\000m\000e\000t\000r\000i\000s\000c\000h\000e\000\040\000f\000u\000n\000c\000t\000i\000e\000s}{section*.12}% 15
\BOOKMARK [2][-]{section*.16}{\376\377\000H\000y\000p\000e\000r\000b\000o\000l\000i\000s\000c\000h\000e\000\040\000f\000u\000n\000c\000t\000i\000e\000s}{section*.12}% 16
\BOOKMARK [2][-]{section*.17}{\376\377\000E\000x\000p\000o\000n\000e\000n\000t\000i\000\353\000l\000e\000\040\000f\000u\000n\000c\000t\000i\000e\000s}{section*.12}% 17
\BOOKMARK [2][-]{section*.18}{\376\377\000K\000e\000t\000t\000i\000n\000g\000r\000e\000g\000e\000l}{section*.12}% 18
\BOOKMARK [2][-]{section*.19}{\376\377\000M\000a\000c\000h\000t\000s\000r\000e\000g\000e\000l}{section*.12}% 19
\BOOKMARK [1][-]{section*.20}{\376\377\000H\0004\000\040\000I\000n\000t\000e\000g\000r\000a\000l\000e\000n}{}% 20
\BOOKMARK [2][-]{section*.21}{\376\377\000B\000a\000s\000i\000c\000s}{section*.20}% 21
\BOOKMARK [2][-]{section*.22}{\376\377\000G\000o\000n\000i\000o\000m\000e\000t\000r\000i\000s\000c\000h\000e\000\040\000f\000u\000n\000c\000t\000i\000e\000s}{section*.20}% 22
\BOOKMARK [2][-]{section*.23}{\376\377\000C\000y\000c\000l\000o\000m\000e\000t\000r\000i\000s\000c\000h\000e\000\040\000f\000u\000n\000c\000t\000i\000e\000s}{section*.20}% 23
\BOOKMARK [2][-]{section*.24}{\376\377\000H\000y\000p\000e\000r\000b\000o\000l\000i\000s\000c\000h\000e\000\040\000f\000u\000n\000c\000t\000i\000e\000s}{section*.20}% 24
\BOOKMARK [2][-]{section*.25}{\376\377\000E\000x\000p\000o\000n\000e\000n\000t\000i\000\353\000l\000e\000\040\000f\000u\000n\000c\000t\000i\000e\000s}{section*.20}% 25
\BOOKMARK [1][-]{section*.26}{\376\377\000H\0005\000\040\000B\000e\000p\000a\000a\000l\000d\000e\000\040\000i\000n\000t\000e\000g\000r\000a\000l\000e\000n}{}% 26
\BOOKMARK [2][-]{section*.27}{\376\377\000O\000p\000p\000e\000r\000v\000l\000a\000k\000t\000e}{section*.26}% 27
\BOOKMARK [2][-]{section*.28}{\376\377\000O\000m\000w\000e\000n\000t\000e\000l\000i\000n\000g\000s\000v\000o\000l\000u\000m\000e}{section*.26}% 28
\BOOKMARK [2][-]{section*.29}{\376\377\000B\000o\000o\000g\000l\000e\000n\000g\000t\000e}{section*.26}% 29
\BOOKMARK [2][-]{section*.30}{\376\377\000C\000o\000m\000p\000l\000a\000n\000a\000t\000i\000e}{section*.26}% 30
